        -:    0:Source:test.c
        -:    0:Graph:test.gcno
        -:    0:Data:test.gcda
        -:    0:Runs:1
        -:    0:Programs:1
        -:    1:#include"list.h"
        -:    2:#include"bsort.h"
        -:    3:#include<stdio.h>
        1:    4:int main(){
        -:    5:	//List l = createList();
        1:    6:	Bucket b = createBucket();
        1:    7:	FILE *f = fopen("data.txt","r");
        -:    8:	/*for(int i = 1;i<15;i++)
        -:    9:	add(b,i);
        -:   10:	//remove(b);
        -:   11:	for(int i = 0;i<11;i++)
        -:   12:		printf("%d",rem(b)->a);
        -:   13:*/	int num;
        -:   14:
        1:   15:	int a = fscanf(f,"%d",&num);
        1:   16:	int count = 1;
   200002:   17:	while(a!=EOF){
   200000:   18:		printf("%d\n",count);
   200000:   19:		count++;
   200000:   20:		add(b,num);
   200000:   21:		a = fscanf(f,"%d",&num);
        -:   22:	}
        1:   23:	fclose(f);
        1:   24:	Node n = rem(b);
   200002:   25:	while(n!=NULL){
   200000:   26:		printf("%d\n",n->a);
   200000:   27:		n = rem(b);
        -:   28:	}
        -:   29:	}
